2023-08-10 20:57:55,843.continuous_book.INFO =============================================================
2023-08-10 20:57:55,843.continuous_book.INFO Today is 2023-08-10 at 08:57 PM
2023-08-10 20:57:55,843.continuous_book.INFO This file is running on: nt Windows 10
2023-08-10 20:57:55,844.continuous_book.INFO The Python version is: 3.9.0
2023-08-10 20:57:55,844.continuous_book.INFO The active environment path is:   C:\Users\Sudeep Potluri\AppData\Local\Programs\Python\Python39
2023-08-10 20:57:55,844.continuous_book.INFO The current working directory is: C:\Users\Sudeep Potluri\Documents\hari_stuff\cintel-07-project
2023-08-10 20:57:55,845.continuous_book.INFO =============================================================
2023-08-10 20:57:58,031.continuous_book.INFO Calling update_csv_book
2023-08-10 20:57:58,031.continuous_book.INFO update_interval: 60
2023-08-10 20:57:58,032.continuous_book.INFO total_runtime: 900
2023-08-10 20:57:58,032.continuous_book.INFO num_updates: 100
2023-08-10 20:57:58,032.continuous_book.INFO Initialized csv file at C:\Users\Sudeep Potluri\Documents\hari_stuff\cintel-07-project\data\book.csv
2023-08-10 20:57:58,035.continuous_book.INFO Saving books to C:\Users\Sudeep Potluri\Documents\hari_stuff\cintel-07-project\data\book.csv
2023-08-10 20:58:02,578.continuous_book.INFO Calling update_csv_book
2023-08-10 20:58:02,579.continuous_book.INFO update_interval: 60
2023-08-10 20:58:02,579.continuous_book.INFO total_runtime: 900
2023-08-10 20:58:02,579.continuous_book.INFO num_updates: 100
2023-08-10 20:58:02,579.continuous_book.INFO Initialized csv file at C:\Users\Sudeep Potluri\Documents\hari_stuff\cintel-07-project\data\book.csv
2023-08-10 20:58:02,581.continuous_book.INFO Saving books to C:\Users\Sudeep Potluri\Documents\hari_stuff\cintel-07-project\data\book.csv
2023-08-10 20:58:03,241.continuous_book.INFO Calling update_csv_book
2023-08-10 20:58:03,241.continuous_book.INFO update_interval: 60
2023-08-10 20:58:03,241.continuous_book.INFO total_runtime: 900
2023-08-10 20:58:03,242.continuous_book.INFO num_updates: 100
2023-08-10 20:58:03,242.continuous_book.INFO Initialized csv file at C:\Users\Sudeep Potluri\Documents\hari_stuff\cintel-07-project\data\book.csv
2023-08-10 20:58:03,244.continuous_book.INFO Saving books to C:\Users\Sudeep Potluri\Documents\hari_stuff\cintel-07-project\data\book.csv
2023-08-10 20:58:03,769.continuous_book.INFO Calling update_csv_book
2023-08-10 20:58:03,770.continuous_book.INFO update_interval: 60
2023-08-10 20:58:03,770.continuous_book.INFO total_runtime: 900
2023-08-10 20:58:03,770.continuous_book.INFO num_updates: 100
2023-08-10 20:58:03,770.continuous_book.INFO Initialized csv file at C:\Users\Sudeep Potluri\Documents\hari_stuff\cintel-07-project\data\book.csv
2023-08-10 20:58:03,772.continuous_book.INFO Saving books to C:\Users\Sudeep Potluri\Documents\hari_stuff\cintel-07-project\data\book.csv
2023-08-10 20:58:58,014.continuous_book.INFO Saving books to C:\Users\Sudeep Potluri\Documents\hari_stuff\cintel-07-project\data\book.csv
2023-08-10 20:59:02,574.continuous_book.INFO Saving books to C:\Users\Sudeep Potluri\Documents\hari_stuff\cintel-07-project\data\book.csv
2023-08-10 20:59:03,256.continuous_book.INFO Saving books to C:\Users\Sudeep Potluri\Documents\hari_stuff\cintel-07-project\data\book.csv
2023-08-10 20:59:03,768.continuous_book.INFO Saving books to C:\Users\Sudeep Potluri\Documents\hari_stuff\cintel-07-project\data\book.csv
2023-08-10 20:59:58,017.continuous_book.INFO Saving books to C:\Users\Sudeep Potluri\Documents\hari_stuff\cintel-07-project\data\book.csv
2023-08-10 21:00:02,560.continuous_book.INFO Saving books to C:\Users\Sudeep Potluri\Documents\hari_stuff\cintel-07-project\data\book.csv
2023-08-10 21:00:03,267.continuous_book.INFO Saving books to C:\Users\Sudeep Potluri\Documents\hari_stuff\cintel-07-project\data\book.csv
2023-08-10 21:00:03,777.continuous_book.INFO Saving books to C:\Users\Sudeep Potluri\Documents\hari_stuff\cintel-07-project\data\book.csv
